<?xml version="1.0" encoding="UTF-8"?>
<!-- Generated by org.testng.reporters.JUnitReportReporter -->
<testsuite hostname="LAPTOP-PTLTBC81" failures="0" tests="1" name="Mahendra.Mahendra.TC_LoginFunctionality" time="11.481" errors="0" timestamp="2025-04-27T21:34:19 IST" skipped="0">
  <testcase classname="Mahendra.Mahendra.TC_LoginFunctionality" name="login" time="11.481"/>
</testsuite> <!-- Mahendra.Mahendra.TC_LoginFunctionality -->
