<?xml version="1.0" encoding="UTF-8"?>
<!-- Generated by org.testng.reporters.JUnitReportReporter -->
<testsuite hostname="LAPTOP-PTLTBC81" failures="0" tests="1" name="Mahendra.Mahendra.TC_LoginFunctionality" time="15.352" errors="0" timestamp="2025-04-28T19:21:04 IST" skipped="0">
  <testcase classname="Mahendra.Mahendra.TC_LoginFunctionality" name="login" time="15.352"/>
</testsuite> <!-- Mahendra.Mahendra.TC_LoginFunctionality -->
